Base path: C:/Program Files/Unity/Editor/Data
Cmd: initializeCompiler
Cmd: preprocess
  error: 2 plat 21 at (25): Unexpected identifier "Input". Expected: ')'
  insize=841 outsize=393 ok=0
Cmd: initializeCompiler
Cmd: preprocess
  error: 2 plat 21 at (26): Unexpected identifier "flaot2". Expected one of: linear centroid nointerpolation noperspective sample '}' sampler sampler1D sampler2D sampler3D samplerCUBE sampler_state SamplerState SamplerComparisonState or a user-defined type
  insize=890 outsize=577 ok=0
Cmd: initializeCompiler
Cmd: preprocess
  error: 2 plat 21 at (29): Unexpected identifier "SurfaceOutputStandard". Expected one of: sampler sampler1D sampler2D sampler3D samplerCUBE sampler_state SamplerState SamplerComparisonState bool int uint half float double or a user-defined type
  insize=890 outsize=567 ok=0
Cmd: initializeCompiler
Cmd: preprocess
  error: 2 plat 21 at (29): Unexpected identifier "SurfaceOutputStandard". Expected one of: sampler sampler1D sampler2D sampler3D samplerCUBE sampler_state SamplerState SamplerComparisonState bool int uint half float double or a user-defined type
  insize=892 outsize=567 ok=0
Cmd: initializeCompiler
Cmd: preprocess
  insize=1429 outsize=1162 ok=1
